<?xml version="1.0" encoding="UTF-8"?>
<testng-results skipped="0" failed="0" total="7" passed="7">
  <reporter-output>
  </reporter-output>
  <suite name="Default suite" duration-ms="51375" started-at="2020-03-30T12:04:46Z" finished-at="2020-03-30T12:05:37Z">
    <groups>
      <group name="cucumber">
        <method signature="AbstractTestNGCucumberTests.runScenario(cucumber.api.testng.PickleEventWrapper, cucumber.api.testng.CucumberFeatureWrapper)[pri:0, instance:com.runner.NewToursRunner@675d3402]" name="runScenario" class="cucumber.api.testng.AbstractTestNGCucumberTests"/>
      </group> <!-- cucumber -->
    </groups>
    <test name="Default test" duration-ms="51375" started-at="2020-03-30T12:04:46Z" finished-at="2020-03-30T12:05:37Z">
      <class name="com.runner.NewToursRunner">
        <test-method status="PASS" signature="setUpClass()[pri:0, instance:com.runner.NewToursRunner@675d3402]" name="setUpClass" is-config="true" duration-ms="88" started-at="2020-03-30T12:04:46Z" finished-at="2020-03-30T12:04:46Z">
        </test-method> <!-- setUpClass -->
        <test-method status="PASS" signature="runScenario(cucumber.api.testng.PickleEventWrapper, cucumber.api.testng.CucumberFeatureWrapper)[pri:0, instance:com.runner.NewToursRunner@675d3402]" name="runScenario" duration-ms="8948" started-at="2020-03-30T12:04:46Z" description="Runs Cucumber Scenarios" finished-at="2020-03-30T12:04:55Z">
          <params>
            <param index="0">
              <value>
                <![CDATA["User is able to login to New Tours"]]>
              </value>
            </param>
            <param index="1">
              <value>
                <![CDATA["Login"]]>
              </value>
            </param>
          </params>
        </test-method> <!-- runScenario -->
        <test-method status="PASS" signature="runScenario(cucumber.api.testng.PickleEventWrapper, cucumber.api.testng.CucumberFeatureWrapper)[pri:0, instance:com.runner.NewToursRunner@675d3402]" name="runScenario" duration-ms="7202" started-at="2020-03-30T12:04:55Z" description="Runs Cucumber Scenarios" finished-at="2020-03-30T12:05:02Z">
          <params>
            <param index="0">
              <value>
                <![CDATA["User is unable to login"]]>
              </value>
            </param>
            <param index="1">
              <value>
                <![CDATA["Login"]]>
              </value>
            </param>
          </params>
        </test-method> <!-- runScenario -->
        <test-method status="PASS" signature="runScenario(cucumber.api.testng.PickleEventWrapper, cucumber.api.testng.CucumberFeatureWrapper)[pri:0, instance:com.runner.NewToursRunner@675d3402]" name="runScenario" duration-ms="7090" started-at="2020-03-30T12:05:02Z" description="Runs Cucumber Scenarios" finished-at="2020-03-30T12:05:09Z">
          <params>
            <param index="0">
              <value>
                <![CDATA["User is unable to login"]]>
              </value>
            </param>
            <param index="1">
              <value>
                <![CDATA["Login"]]>
              </value>
            </param>
          </params>
        </test-method> <!-- runScenario -->
        <test-method status="PASS" signature="runScenario(cucumber.api.testng.PickleEventWrapper, cucumber.api.testng.CucumberFeatureWrapper)[pri:0, instance:com.runner.NewToursRunner@675d3402]" name="runScenario" duration-ms="7067" started-at="2020-03-30T12:05:09Z" description="Runs Cucumber Scenarios" finished-at="2020-03-30T12:05:16Z">
          <params>
            <param index="0">
              <value>
                <![CDATA["User is unable to login"]]>
              </value>
            </param>
            <param index="1">
              <value>
                <![CDATA["Login"]]>
              </value>
            </param>
          </params>
        </test-method> <!-- runScenario -->
        <test-method status="PASS" signature="runScenario(cucumber.api.testng.PickleEventWrapper, cucumber.api.testng.CucumberFeatureWrapper)[pri:0, instance:com.runner.NewToursRunner@675d3402]" name="runScenario" duration-ms="7029" started-at="2020-03-30T12:05:16Z" description="Runs Cucumber Scenarios" finished-at="2020-03-30T12:05:23Z">
          <params>
            <param index="0">
              <value>
                <![CDATA["User is unable to login"]]>
              </value>
            </param>
            <param index="1">
              <value>
                <![CDATA["Login"]]>
              </value>
            </param>
          </params>
        </test-method> <!-- runScenario -->
        <test-method status="PASS" signature="runScenario(cucumber.api.testng.PickleEventWrapper, cucumber.api.testng.CucumberFeatureWrapper)[pri:0, instance:com.runner.NewToursRunner@675d3402]" name="runScenario" duration-ms="6705" started-at="2020-03-30T12:05:23Z" description="Runs Cucumber Scenarios" finished-at="2020-03-30T12:05:30Z">
          <params>
            <param index="0">
              <value>
                <![CDATA["User Going Round Trip"]]>
              </value>
            </param>
            <param index="1">
              <value>
                <![CDATA["Find a flight"]]>
              </value>
            </param>
          </params>
        </test-method> <!-- runScenario -->
        <test-method status="PASS" signature="runScenario(cucumber.api.testng.PickleEventWrapper, cucumber.api.testng.CucumberFeatureWrapper)[pri:0, instance:com.runner.NewToursRunner@675d3402]" name="runScenario" duration-ms="6776" started-at="2020-03-30T12:05:30Z" description="Runs Cucumber Scenarios" finished-at="2020-03-30T12:05:37Z">
          <params>
            <param index="0">
              <value>
                <![CDATA["user Going one way"]]>
              </value>
            </param>
            <param index="1">
              <value>
                <![CDATA["Find a flight"]]>
              </value>
            </param>
          </params>
        </test-method> <!-- runScenario -->
        <test-method status="PASS" signature="tearDownClass()[pri:0, instance:com.runner.NewToursRunner@675d3402]" name="tearDownClass" is-config="true" duration-ms="432" started-at="2020-03-30T12:05:37Z" finished-at="2020-03-30T12:05:37Z">
        </test-method> <!-- tearDownClass -->
      </class> <!-- com.runner.NewToursRunner -->
    </test> <!-- Default test -->
  </suite> <!-- Default suite -->
</testng-results>
